<?xml version="1.0" encoding="UTF-8"?>
<!-- Generated by org.testng.reporters.JUnitReportReporter -->
<testsuite skipped="0" hostname="hp-PC" name="unitTest.TestCompare" tests="1" failures="0" timestamp="20 May 2020 12:14:32 GMT" time="0.018" errors="0">
  <testcase name="test1" time="0.018" classname="unitTest.TestCompare"/>
</testsuite> <!-- unitTest.TestCompare -->
